<?xml version="1.0" encoding="UTF-8"?>
<!-- Generated by org.testng.reporters.JUnitReportReporter -->
<testsuite hostname="LAPTOP-4JFS8M6D" failures="0" tests="1" name="TestRunnerEx8.TestRunnerEx8" time="7.348" errors="0" timestamp="2025-03-07T20:05:37 IST" skipped="0">
  <testcase classname="TestRunnerEx8.TestRunnerEx8" name="runScenario" time="7.348"/>
  <system-out/>
</testsuite> <!-- TestRunnerEx8.TestRunnerEx8 -->
