<?xml version="1.0" encoding="UTF-8"?>
<!-- Generated by org.testng.reporters.JUnitReportReporter -->
<testsuite hostname="LAPTOP-4JFS8M6D" failures="0" tests="1" name="TestRunnerEx8.TestRunnerEx8" time="4.925" errors="0" timestamp="2025-03-11T14:32:12 IST" skipped="0">
  <testcase classname="TestRunnerEx8.TestRunnerEx8" name="runScenario" time="4.925"/>
  <system-out/>
</testsuite> <!-- TestRunnerEx8.TestRunnerEx8 -->
